2024-03-19 18:15:14 - [INFO] - User ID: 1 EMAIL: 111@111 NAME: 1 SURNAME: 1 has logged in.
2024-03-19 18:45:32 - [INFO] - User ID: 1 EMAIL: 111@111 NAME: 1 SURNAME: 1 has logged in.
2024-03-19 18:45:34 - [INFO] - User ID: 1 EMAIL: 111@111 NAME: 1 SURNAME: 1 has logged in.
2024-03-19 18:45:36 - [INFO] - User ID: 1 EMAIL: 111@111 NAME: 1 SURNAME: 1 has logged in.
2024-03-19 18:45:38 - [INFO] - User ID: 1 EMAIL: 111@111 NAME: 1 SURNAME: 1 has logged in.
2024-03-19 18:45:47 - [INFO] - User ID: 1 EMAIL: 111@111 NAME: 1 SURNAME: 1 has logged in.
2024-03-19 18:46:51 - [INFO] - User ID: 1 EMAIL: 111@111 NAME: 1 SURNAME: 1 has logged in.
2024-03-19 18:48:18 - [INFO] - User ID: 2 EMAIL: 111@111212 NAME: 11212 SURNAME: 1 registered.
2024-03-19 18:48:22 - [INFO] - User ID: 2 EMAIL: 111@111212 NAME: 11212 SURNAME: 1 has logged in.
2024-03-19 18:50:47 - [INFO] - User ID: 1 EMAIL: 111@111 NAME: 1 SURNAME: 1 has logged in.
2024-03-19 19:34:43 - [INFO] - User ID: 1 EMAIL: 111@111 NAME: 1 SURNAME: 1 has logged in.
2024-03-19 19:34:46 - [INFO] - "User ID: undefined EMAIL: undefined NAME: undefined SURNAME: undefined has logged out.
2024-03-19 19:36:04 - [INFO] - User ID: 1 EMAIL: 111@111 NAME: 1 SURNAME: 1 has logged in.
2024-03-19 19:36:06 - [INFO] - "User ID: undefined EMAIL: undefined NAME: undefined SURNAME: undefined has logged out.
2024-03-19 19:36:09 - [INFO] - "User ID: undefined EMAIL: undefined NAME: undefined SURNAME: undefined has logged out.
2024-03-19 19:36:17 - [INFO] - User ID: 1 EMAIL: 111@111 NAME: 1 SURNAME: 1 has logged in.
2024-03-19 19:36:18 - [INFO] - "User ID: undefined EMAIL: undefined NAME: undefined SURNAME: undefined has logged out.
2024-03-19 19:39:05 - [INFO] - User ID: 1 EMAIL: 111@111 NAME: 1 SURNAME: 1 has logged in.
2024-03-19 19:39:07 - [INFO] - User ID: undefined EMAIL: undefined NAME: undefined SURNAME: undefined has logged out.
2024-03-19 19:40:23 - [INFO] - User ID: 1 EMAIL: 111@111 NAME: 1 SURNAME: 1 has logged in.
2024-03-19 19:40:28 - [INFO] - User ID: undefined EMAIL: undefined NAME: undefined SURNAME: undefined has logged out.
2024-03-19 19:44:21 - [INFO] - User ID: 1 EMAIL: 111@111 NAME: 1 SURNAME: 1 has logged in.
2024-03-19 19:44:23 - [INFO] - User ID: undefined EMAIL: undefined NAME: undefined SURNAME: undefined has logged out.
2024-03-19 19:45:07 - [INFO] - User ID: 1 EMAIL: 111@111 NAME: 1 SURNAME: 1 has logged in.
2024-03-19 19:45:15 - [INFO] - User ID: undefined EMAIL: undefined NAME: undefined SURNAME: undefined has logged out.
2024-03-19 19:47:15 - [INFO] - User ID: 1 EMAIL: 111@111 NAME: 1 SURNAME: 1 has logged in.
2024-03-19 19:47:17 - [INFO] - User ID: undefined EMAIL: undefined NAME: undefined SURNAME: undefined has logged out.
2024-03-19 19:49:20 - [INFO] - User ID: 1 EMAIL: 111@111 NAME: 1 SURNAME: 1 has logged in.
2024-03-19 19:49:22 - [INFO] - User ID: undefined EMAIL: undefined NAME: undefined SURNAME: undefined has logged out.
2024-03-19 19:49:58 - [INFO] - User ID: 3 EMAIL: 111@111312312 NAME: 11212 SURNAME: 1 registered.
2024-03-19 19:50:01 - [INFO] - User ID: 3 EMAIL: 111@111312312 NAME: 11212 SURNAME: 1 has logged in.
2024-03-19 19:50:02 - [INFO] - User ID: undefined EMAIL: undefined NAME: undefined SURNAME: undefined has logged out.
2024-03-19 19:50:50 - [INFO] - User ID: 1 EMAIL: 111@111 NAME: 1 SURNAME: 1 has logged in.
2024-03-19 19:50:52 - [INFO] - User ID: undefined EMAIL: undefined NAME: undefined SURNAME: undefined has logged out.
2024-03-19 19:51:52 - [INFO] - User ID: 1 EMAIL: 111@111 NAME: 1 SURNAME: 1 has logged in.
2024-03-19 19:52:47 - [INFO] - User ID: undefined EMAIL: undefined NAME: undefined SURNAME: undefined has logged out.
2024-03-19 19:54:01 - [INFO] - User ID: undefined EMAIL: undefined NAME: undefined SURNAME: undefined has logged out.
2024-03-19 19:54:14 - [INFO] - User ID: undefined EMAIL: undefined NAME: undefined SURNAME: undefined has logged out.
2024-03-19 19:54:21 - [INFO] - User ID: 1 EMAIL: 111@111 NAME: 1 SURNAME: 1 has logged in.
2024-03-19 19:56:41 - [INFO] - User ID: 1 EMAIL: 111@111 NAME: 1 SURNAME: 1 has logged in.
2024-03-19 19:56:50 - [INFO] - User ID: undefined EMAIL: undefined NAME: undefined SURNAME: undefined has logged out.
2024-03-19 19:56:55 - [INFO] - User ID: 1 EMAIL: 111@111 NAME: 1 SURNAME: 1 has logged in.
2024-03-19 19:58:08 - [INFO] - User ID: undefined EMAIL: undefined NAME: undefined SURNAME: undefined has logged out.
2024-03-19 19:58:13 - [INFO] - User ID: 1 EMAIL: 111@111 NAME: 1 SURNAME: 1 has logged in.
2024-03-19 20:03:49 - [INFO] - User ID: undefined EMAIL: undefined NAME: undefined SURNAME: undefined has logged out.
2024-03-19 20:06:04 - [INFO] - User ID: 1 EMAIL: 111@111 NAME: 1 SURNAME: 1 has logged in.
2024-03-19 20:06:06 - [INFO] - User ID: undefined EMAIL: undefined NAME: undefined SURNAME: undefined has logged out.
2024-03-19 20:07:18 - [INFO] - User ID: 1 EMAIL: 111@111 NAME: 1 SURNAME: 1 has logged in.
2024-03-19 20:07:22 - [INFO] - User ID: undefined EMAIL: undefined NAME: undefined SURNAME: undefined has logged out.
2024-03-19 20:07:54 - [INFO] - User ID: 1 EMAIL: 111@111 NAME: 1 SURNAME: 1 has logged in.
2024-03-19 20:07:56 - [INFO] - User ID: undefined EMAIL: undefined NAME: undefined SURNAME: undefined has logged out.
2024-03-19 20:08:32 - [INFO] - User ID: undefined EMAIL: undefined NAME: undefined SURNAME: undefined has logged out.
2024-03-19 20:20:54 - [INFO] - User ID: 1 EMAIL: 111@111 NAME: 1 SURNAME: 1 has logged out.
2024-03-19 20:31:54 - [INFO] - User ID: 1 EMAIL: 111@111 NAME: 1 SURNAME: 1 has logged in.
2024-03-19 20:31:56 - [INFO] - User ID: 1 EMAIL: 111@111 NAME: 1 SURNAME: 1 has logged out.
2024-03-20 08:07:12 - [INFO] - User ID: 1 EMAIL: 111@111 NAME: 1 SURNAME: 1 has logged in.
2024-03-20 08:16:08 - [INFO] - User ID: 1 EMAIL: 111@111 NAME: 1 SURNAME: 1 has logged out.
2024-03-20 08:16:13 - [INFO] - User ID: 1 EMAIL: 111@111 NAME: 1 SURNAME: 1 has logged in.
2024-03-20 08:16:39 - [INFO] - User ID: 1 EMAIL: 111@111 NAME: 1 SURNAME: 1 has logged out.
2024-03-20 08:17:04 - [INFO] - User ID: 4 EMAIL: Dmitrii.Evceev@mail.ru NAME: Дмитрий SURNAME: Евсеев registered.
2024-03-20 08:17:06 - [INFO] - User ID: 4 EMAIL: Dmitrii.Evceev@mail.ru NAME: Дмитрий SURNAME: Евсеев has logged in.
2024-03-20 08:17:12 - [INFO] - User ID: 4 subscribed on sub ID: 1
2024-03-20 08:19:05 - [INFO] - User ID: 1 EMAIL: 111@111 NAME: 1 SURNAME: 1 has logged out.
2024-03-20 08:19:17 - [INFO] - User ID: 1 EMAIL: 111@111 NAME: 1 SURNAME: 1 has logged in.
2024-03-20 08:19:19 - [INFO] - User ID: 1 unsubscribed on sub ID: 2
2024-03-20 09:23:24 - [INFO] - User ID: 1 EMAIL: 111@111 NAME: 1 SURNAME: 1 has logged in.
2024-03-20 09:23:32 - [INFO] - User ID: 1 EMAIL: 111@111 NAME: 1 SURNAME: 1 has logged out.
2024-03-20 09:23:37 - [INFO] - User ID: 1 EMAIL: 111@111 NAME: 1 SURNAME: 1 has logged in.
2024-03-20 09:23:49 - [INFO] - User ID: 1 subscribed on sub ID: 2
2024-03-20 17:08:07 - [INFO] - User ID: 1 EMAIL: 111@111 NAME: 1 SURNAME: 1 has logged in.
2024-03-21 10:00:29 - [INFO] - User ID: 1 EMAIL: 111@111 NAME: 1 SURNAME: 1 has logged in.
2024-03-21 13:09:26 - [INFO] - User ID: 5 EMAIL: ya@xn--d1aiaemzn.ru NAME: Ян SURNAME: Доброродов registered.
2024-03-21 13:09:28 - [INFO] - User ID: 5 EMAIL: ya@xn--d1aiaemzn.ru NAME: Ян SURNAME: Доброродов has logged in.
2024-03-21 13:09:53 - [INFO] - User ID: 6 EMAIL: 111111@11111 NAME: 112122312312 SURNAME: 1 registered.
2024-03-21 13:09:55 - [INFO] - User ID: 6 EMAIL: 111111@11111 NAME: 112122312312 SURNAME: 1 has logged in.
2024-03-21 13:10:07 - [INFO] - User ID: 6 subscribed on sub ID: 5
2024-03-21 13:10:11 - [INFO] - User ID: 5 subscribed on sub ID: 3
2024-03-21 13:10:15 - [INFO] - User ID: 5 subscribed on sub ID: 6
2024-03-21 13:10:35 - [INFO] - User ID: 5 get notification from ID: 6.
2024-03-21 13:10:36 - [INFO] - User ID: 5 get notification from ID: 6.
2024-03-21 13:10:37 - [INFO] - User ID: 5 get notification from ID: 6.
2024-03-21 13:10:37 - [INFO] - User ID: 5 get notification from ID: 6.
2024-03-21 13:10:38 - [INFO] - User ID: 5 get notification from ID: 6.
2024-03-21 13:10:38 - [INFO] - User ID: 5 get notification from ID: 6.
2024-03-21 13:10:39 - [INFO] - User ID: 5 get notification from ID: 6.
2024-03-21 13:10:39 - [INFO] - User ID: 5 get notification from ID: 6.
2024-03-21 13:10:40 - [INFO] - User ID: 5 get notification from ID: 6.
2024-03-21 13:10:48 - [INFO] - User ID: 6 get notification from ID: 5.
2024-03-28 20:16:25 - [INFO] - This is a test log message.
2024-03-28 20:20:07 - [INFO] - User ID: 1 EMAIL: 111@111 NAME: 1 SURNAME: 1 has logged out.
2024-03-28 20:20:07 - [INFO] - User ID: 1 EMAIL: 111@111 NAME: 1 SURNAME: 1 has logged out.
2024-03-28 20:20:39 - [INFO] - User ID: 1 EMAIL: 111@111 NAME: 1 SURNAME: 1 has logged in.
2024-03-28 20:20:39 - [INFO] - User ID: 1 EMAIL: 111@111 NAME: 1 SURNAME: 1 has logged in.
2024-03-28 20:20:53 - [INFO] - User ID: 1 EMAIL: 111@111 NAME: 1 SURNAME: 1 has logged in.
2024-03-28 20:20:53 - [INFO] - User ID: 1 EMAIL: 111@111 NAME: 1 SURNAME: 1 has logged in.
2024-03-28 20:20:54 - [INFO] - User ID: 1 EMAIL: 111@111 NAME: 1 SURNAME: 1 has logged out.
2024-03-28 20:20:54 - [INFO] - User ID: 1 EMAIL: 111@111 NAME: 1 SURNAME: 1 has logged out.
2024-03-28 20:21:00 - [INFO] - User ID: 1 EMAIL: 111@111 NAME: 1 SURNAME: 1 has logged in.
2024-03-28 20:21:00 - [INFO] - User ID: 1 EMAIL: 111@111 NAME: 1 SURNAME: 1 has logged in.
2024-03-28 20:22:58 - [INFO] - User ID: 1 EMAIL: 111@111 NAME: 1 SURNAME: 1 has logged out.
2024-03-28 20:22:58 - [INFO] - User ID: 1 EMAIL: 111@111 NAME: 1 SURNAME: 1 has logged out.
2024-03-28 20:23:03 - [INFO] - User ID: 1 EMAIL: 111@111 NAME: 1 SURNAME: 1 has logged in.
2024-03-28 20:23:03 - [INFO] - User ID: 1 EMAIL: 111@111 NAME: 1 SURNAME: 1 has logged in.
2024-03-28 20:27:25 - [INFO] - User ID: 1 EMAIL: 111@111 NAME: 1 SURNAME: 1 has logged out.
2024-03-28 20:27:25 - [INFO] - User ID: 1 EMAIL: 111@111 NAME: 1 SURNAME: 1 has logged out.
2024-03-28 20:27:31 - [INFO] - User ID: 1 EMAIL: 111@111 NAME: 1 SURNAME: 1 has logged in.
2024-03-28 20:27:31 - [INFO] - User ID: 1 EMAIL: 111@111 NAME: 1 SURNAME: 1 has logged in.
2024-03-28 20:53:23 - [INFO] - User ID: 1 send message TEXT: 121 to ID: 2.
2024-03-28 20:53:23 - [INFO] - User ID: 1 send message TEXT: 121 to ID: 2.
2024-03-28 20:53:25 - [INFO] - User ID: 1 send message TEXT: 1 to ID: 2.
2024-03-28 20:53:25 - [INFO] - User ID: 1 send message TEXT: 1 to ID: 2.
2024-03-28 20:53:26 - [INFO] - User ID: 1 send message TEXT: 1 to ID: 2.
2024-03-28 20:53:26 - [INFO] - User ID: 1 send message TEXT: 1 to ID: 2.
2024-03-28 20:53:27 - [INFO] - User ID: 1 send message TEXT: 1 to ID: 2.
2024-03-28 20:53:27 - [INFO] - User ID: 1 send message TEXT: 1 to ID: 2.
2024-03-28 20:53:27 - [INFO] - User ID: 1 send message TEXT:  to ID: 2.
2024-03-28 20:53:27 - [INFO] - User ID: 1 send message TEXT:  to ID: 2.
2024-03-28 20:53:28 - [INFO] - User ID: 1 send message TEXT: 12 to ID: 2.
2024-03-28 20:53:28 - [INFO] - User ID: 1 send message TEXT: 12 to ID: 2.
2024-03-28 20:53:28 - [INFO] - User ID: 1 send message TEXT:  to ID: 2.
2024-03-28 20:53:28 - [INFO] - User ID: 1 send message TEXT:  to ID: 2.
2024-03-28 20:53:29 - [INFO] - User ID: 1 send message TEXT: 12 to ID: 2.
2024-03-28 20:53:29 - [INFO] - User ID: 1 send message TEXT: 12 to ID: 2.
2024-03-28 20:55:39 - [INFO] - User ID: 1 send message TEXT: 12 to ID: 2.
2024-03-28 20:55:39 - [INFO] - User ID: 1 send message TEXT: 12 to ID: 2.
2024-03-28 20:55:40 - [INFO] - User ID: 1 send message TEXT: 12 to ID: 2.
2024-03-28 20:55:40 - [INFO] - User ID: 1 send message TEXT: 12 to ID: 2.
2024-03-28 20:55:41 - [INFO] - User ID: 1 send message TEXT: 123 to ID: 2.
2024-03-28 20:55:41 - [INFO] - User ID: 1 send message TEXT: 123 to ID: 2.
2024-03-28 20:55:41 - [INFO] - User ID: 1 send message TEXT: 12 to ID: 2.
2024-03-28 20:55:41 - [INFO] - User ID: 1 send message TEXT: 12 to ID: 2.
2024-03-28 20:56:41 - [INFO] - User ID: 1 EMAIL: 111@111 NAME: 1 SURNAME: 1 has logged out.
2024-03-28 20:56:41 - [INFO] - User ID: 1 EMAIL: 111@111 NAME: 1 SURNAME: 1 has logged out.
2024-03-28 20:56:53 - [INFO] - User ID: 7 EMAIL: 1213231@123121 NAME: 1231231 SURNAME: 12312312312312 IP: 127.0.0.1 registered.
2024-03-28 20:56:53 - [INFO] - User ID: 7 EMAIL: 1213231@123121 NAME: 1231231 SURNAME: 12312312312312 IP: 127.0.0.1 registered.
2024-03-28 20:56:55 - [INFO] - User ID: 7 EMAIL: 1213231@123121 NAME: 1231231 SURNAME: 12312312312312 IP: 127.0.0.1 has logged in.
2024-03-28 20:56:55 - [INFO] - User ID: 7 EMAIL: 1213231@123121 NAME: 1231231 SURNAME: 12312312312312 IP: 127.0.0.1 has logged in.
2024-03-28 20:57:12 - [INFO] - User ID: 7 EMAIL: 1213231@123121 NAME: 1231231 SURNAME: 12312312312312 has logged out.
2024-03-28 20:57:12 - [INFO] - User ID: 7 EMAIL: 1213231@123121 NAME: 1231231 SURNAME: 12312312312312 has logged out.
2024-03-28 20:57:22 - [INFO] - User ID: 7 EMAIL: 1213231@123121 NAME: 1231231 SURNAME: 12312312312312 IP: 127.0.0.1 has logged in.
2024-03-28 20:57:22 - [INFO] - User ID: 7 EMAIL: 1213231@123121 NAME: 1231231 SURNAME: 12312312312312 IP: 127.0.0.1 has logged in.
2024-03-28 20:58:39 - [INFO] - User ID: 7 EMAIL: 1213231@123121 NAME: 1231231 SURNAME: 12312312312312 has logged out.
2024-03-28 20:58:39 - [INFO] - User ID: 7 EMAIL: 1213231@123121 NAME: 1231231 SURNAME: 12312312312312 has logged out.
2024-03-28 20:59:27 - [INFO] - User ID: 1 EMAIL: 111@111 NAME: 1 SURNAME: 1 IP: 127.0.0.1 has logged in.
2024-03-28 20:59:27 - [INFO] - User ID: 1 EMAIL: 111@111 NAME: 1 SURNAME: 1 IP: 127.0.0.1 has logged in.
2024-03-28 20:59:34 - [INFO] - User ID: 1 EMAIL: 111@111 NAME: 1 SURNAME: 1 has logged out.
2024-03-28 20:59:34 - [INFO] - User ID: 1 EMAIL: 111@111 NAME: 1 SURNAME: 1 has logged out.
